<?xml version="1.0" encoding="UTF-8"?>
<!-- Generated by org.testng.reporters.JUnitReportReporter -->
<testsuite hostname="DESKTOP-SNSEIKR" failures="0" tests="1" name="com.selenium.script.test_addressbook_selenium.AppTest" time="0.003" errors="0" timestamp="12 Jul 2023 11:12:45 GMT">
  <testcase classname="com.selenium.script.test_addressbook_selenium.AppTest" name="shouldAnswerWithTrue" time="0.003"/>
</testsuite> <!-- com.selenium.script.test_addressbook_selenium.AppTest -->
